Flow report for DAC
Sun May 10 00:53:25 2020
Quartus Prime Version 19.1.0 Build 670 09/22/2019 SJ Lite Edition


---------------------
; Table of Contents ;
---------------------
  1. Legal Notice
  2. Flow Summary
  3. Flow Settings
  4. Flow Non-Default Global Settings
  5. Flow Elapsed Time
  6. Flow OS Summary
  7. Flow Log
  8. Flow Messages
  9. Flow Suppressed Messages



----------------
; Legal Notice ;
----------------
Copyright (C) 2019  Intel Corporation. All rights reserved.
Your use of Intel Corporation's design tools, logic functions 
and other software and tools, and any partner logic 
functions, and any output files from any of the foregoing 
(including device programming or simulation files), and any 
associated documentation or information are expressly subject 
to the terms and conditions of the Intel Program License 
Subscription Agreement, the Intel Quartus Prime License Agreement,
the Intel FPGA IP License Agreement, or other applicable license
agreement, including, without limitation, that your use is for
the sole purpose of programming logic devices manufactured by
Intel and sold by Intel or its authorized distributors.  Please
refer to the applicable agreement for further details, at
https://fpgasoftware.intel.com/eula.



+-------------------------------------------------------------------------------+
; Flow Summary                                                                  ;
+---------------------------------+---------------------------------------------+
; Flow Status                     ; Successful - Sun May 10 00:53:25 2020       ;
; Quartus Prime Version           ; 19.1.0 Build 670 09/22/2019 SJ Lite Edition ;
; Revision Name                   ; DAC                                         ;
; Top-level Entity Name           ; de0nanoson                                  ;
; Family                          ; Cyclone V                                   ;
; Device                          ; 5CSEMA4U23C6                                ;
; Timing Models                   ; Final                                       ;
; Logic utilization (in ALMs)     ; 228 / 15,880 ( 1 % )                        ;
; Total registers                 ; 227                                         ;
; Total pins                      ; 20 / 314 ( 6 % )                            ;
; Total virtual pins              ; 0                                           ;
; Total block memory bits         ; 1,572,864 / 2,764,800 ( 57 % )              ;
; Total DSP Blocks                ; 0 / 84 ( 0 % )                              ;
; Total HSSI RX PCSs              ; 0                                           ;
; Total HSSI PMA RX Deserializers ; 0                                           ;
; Total HSSI TX PCSs              ; 0                                           ;
; Total HSSI PMA TX Serializers   ; 0                                           ;
; Total PLLs                      ; 0 / 5 ( 0 % )                               ;
; Total DLLs                      ; 0 / 4 ( 0 % )                               ;
+---------------------------------+---------------------------------------------+


+-----------------------------------------+
; Flow Settings                           ;
+-------------------+---------------------+
; Option            ; Setting             ;
+-------------------+---------------------+
; Start date & time ; 05/10/2020 00:52:23 ;
; Main task         ; Compilation         ;
; Revision Name     ; DAC                 ;
+-------------------+---------------------+


+-------------------------------------------------------------------------------------------------------------------------------+
; Flow Non-Default Global Settings                                                                                              ;
+--------------------------------------+----------------------------------------+---------------+-------------+-----------------+
; Assignment Name                      ; Value                                  ; Default Value ; Entity Name ; Section Id      ;
+--------------------------------------+----------------------------------------+---------------+-------------+-----------------+
; COMPILER_SIGNATURE_ID                ; 929354089121.158906474334007           ; --            ; --          ; --              ;
; EDA_DESIGN_INSTANCE_NAME             ; NA                                     ; --            ; --          ; tb_deonanoson   ;
; EDA_DESIGN_INSTANCE_NAME             ; NA                                     ; --            ; --          ; tb_block_v1     ;
; EDA_DESIGN_INSTANCE_NAME             ; NA                                     ; --            ; --          ; tb_counter      ;
; EDA_DESIGN_INSTANCE_NAME             ; NA                                     ; --            ; --          ; tb_control_unit ;
; EDA_DESIGN_INSTANCE_NAME             ; NA                                     ; --            ; --          ; tb_ram_sync     ;
; EDA_NATIVELINK_SIMULATION_TEST_BENCH ; tb_counter                             ; --            ; --          ; eda_simulation  ;
; EDA_OUTPUT_DATA_FORMAT               ; Vhdl                                   ; --            ; --          ; eda_simulation  ;
; EDA_RUN_TOOL_AUTOMATICALLY           ; Off                                    ; --            ; --          ; eda_simulation  ;
; EDA_SIMULATION_TOOL                  ; ModelSim-Altera (VHDL)                 ; <None>        ; --          ; --              ;
; EDA_TEST_BENCH_ENABLE_STATUS         ; TEST_BENCH_MODE                        ; --            ; --          ; eda_simulation  ;
; EDA_TEST_BENCH_FILE                  ; tb_deonanoson.vhd                      ; --            ; --          ; tb_deonanoson   ;
; EDA_TEST_BENCH_FILE                  ; tb_block_v1.vhd                        ; --            ; --          ; tb_block_v1     ;
; EDA_TEST_BENCH_FILE                  ; tb_counter.vhd                         ; --            ; --          ; tb_counter      ;
; EDA_TEST_BENCH_FILE                  ; tb_control_unit.vhd                    ; --            ; --          ; tb_control_unit ;
; EDA_TEST_BENCH_FILE                  ; tb_ram_sync.vhd                        ; --            ; --          ; tb_ram_sync     ;
; EDA_TEST_BENCH_MODULE_NAME           ; tb_deonanoson                          ; --            ; --          ; tb_deonanoson   ;
; EDA_TEST_BENCH_MODULE_NAME           ; tb_block_v1                            ; --            ; --          ; tb_block_v1     ;
; EDA_TEST_BENCH_MODULE_NAME           ; tb_counter                             ; --            ; --          ; tb_counter      ;
; EDA_TEST_BENCH_MODULE_NAME           ; tb_control_unit                        ; --            ; --          ; tb_control_unit ;
; EDA_TEST_BENCH_MODULE_NAME           ; tb_ram_sync                            ; --            ; --          ; tb_ram_sync     ;
; EDA_TEST_BENCH_NAME                  ; tb_ram_sync                            ; --            ; --          ; eda_simulation  ;
; EDA_TEST_BENCH_NAME                  ; tb_control_unit                        ; --            ; --          ; eda_simulation  ;
; EDA_TEST_BENCH_NAME                  ; tb_counter                             ; --            ; --          ; eda_simulation  ;
; EDA_TEST_BENCH_NAME                  ; tb_block_v1                            ; --            ; --          ; eda_simulation  ;
; EDA_TEST_BENCH_NAME                  ; tb_deonanoson                          ; --            ; --          ; eda_simulation  ;
; EDA_TEST_BENCH_RUN_SIM_FOR           ; 600 ns                                 ; --            ; --          ; tb_deonanoson   ;
; EDA_TEST_BENCH_RUN_SIM_FOR           ; 200 ms                                 ; --            ; --          ; tb_block_v1     ;
; EDA_TEST_BENCH_RUN_SIM_FOR           ; 5 us                                   ; --            ; --          ; tb_counter      ;
; EDA_TEST_BENCH_RUN_SIM_FOR           ; 600 ns                                 ; --            ; --          ; tb_control_unit ;
; EDA_TEST_BENCH_RUN_SIM_FOR           ; 10 ms                                  ; --            ; --          ; tb_ram_sync     ;
; EDA_TIME_SCALE                       ; 1 ps                                   ; --            ; --          ; eda_simulation  ;
; MAX_CORE_JUNCTION_TEMP               ; 85                                     ; --            ; --          ; --              ;
; MIN_CORE_JUNCTION_TEMP               ; 0                                      ; --            ; --          ; --              ;
; NUM_PARALLEL_PROCESSORS              ; 16                                     ; --            ; --          ; --              ;
; OUTPUT_IO_TIMING_FAR_END_VMEAS       ; Half Signal Swing                      ; --            ; --          ; --              ;
; OUTPUT_IO_TIMING_FAR_END_VMEAS       ; Half Signal Swing                      ; --            ; --          ; --              ;
; OUTPUT_IO_TIMING_NEAR_END_VMEAS      ; Half Vccio                             ; --            ; --          ; --              ;
; OUTPUT_IO_TIMING_NEAR_END_VMEAS      ; Half Vccio                             ; --            ; --          ; --              ;
; PARTITION_COLOR                      ; -- (Not supported for targeted family) ; --            ; de0nanoson  ; Top             ;
; PARTITION_FITTER_PRESERVATION_LEVEL  ; -- (Not supported for targeted family) ; --            ; de0nanoson  ; Top             ;
; PARTITION_NETLIST_TYPE               ; -- (Not supported for targeted family) ; --            ; de0nanoson  ; Top             ;
; POWER_BOARD_THERMAL_MODEL            ; None (CONSERVATIVE)                    ; --            ; --          ; --              ;
; POWER_PRESET_COOLING_SOLUTION        ; 23 MM HEAT SINK WITH 200 LFPM AIRFLOW  ; --            ; --          ; --              ;
; TOP_LEVEL_ENTITY                     ; de0nanoson                             ; DAC           ; --          ; --              ;
+--------------------------------------+----------------------------------------+---------------+-------------+-----------------+


+--------------------------------------------------------------------------------------------------------------------------+
; Flow Elapsed Time                                                                                                        ;
+----------------------+--------------+-------------------------+---------------------+------------------------------------+
; Module Name          ; Elapsed Time ; Average Processors Used ; Peak Virtual Memory ; Total CPU Time (on all processors) ;
+----------------------+--------------+-------------------------+---------------------+------------------------------------+
; Analysis & Synthesis ; 00:00:06     ; 1.0                     ; 1110 MB             ; 00:00:18                           ;
; Fitter               ; 00:00:41     ; 1.4                     ; 3130 MB             ; 00:05:41                           ;
; Assembler            ; 00:00:05     ; 1.0                     ; 993 MB              ; 00:00:05                           ;
; Timing Analyzer      ; 00:00:06     ; 3.6                     ; 1351 MB             ; 00:00:14                           ;
; EDA Netlist Writer   ; 00:00:00     ; 1.0                     ; 1119 MB             ; 00:00:01                           ;
; Total                ; 00:00:58     ; --                      ; --                  ; 00:06:19                           ;
+----------------------+--------------+-------------------------+---------------------+------------------------------------+


+------------------------------------------------------------------------------------+
; Flow OS Summary                                                                    ;
+----------------------+------------------+------------+------------+----------------+
; Module Name          ; Machine Hostname ; OS Name    ; OS Version ; Processor type ;
+----------------------+------------------+------------+------------+----------------+
; Analysis & Synthesis ; doune-desktop    ; Arch Linux ; Arch Linux ; x86_64         ;
; Fitter               ; doune-desktop    ; Arch Linux ; Arch Linux ; x86_64         ;
; Assembler            ; doune-desktop    ; Arch Linux ; Arch Linux ; x86_64         ;
; Timing Analyzer      ; doune-desktop    ; Arch Linux ; Arch Linux ; x86_64         ;
; EDA Netlist Writer   ; doune-desktop    ; Arch Linux ; Arch Linux ; x86_64         ;
+----------------------+------------------+------------+------------+----------------+


------------
; Flow Log ;
------------
quartus_map --read_settings_files=on --write_settings_files=off DAC -c DAC
quartus_fit --read_settings_files=off --write_settings_files=off DAC -c DAC
quartus_asm --read_settings_files=off --write_settings_files=off DAC -c DAC
quartus_sta DAC -c DAC
quartus_eda --read_settings_files=off --write_settings_files=off DAC -c DAC



